# JRE version: OpenJDK Runtime Environment Temurin-21.0.7+6 (21.0.7+6) (build 21.0.7+6-LTS)
# Java VM: OpenJDK 64-Bit Server VM Temurin-21.0.7+6 (21.0.7+6-LTS, mixed mode, sharing, tiered, compressed oops, compressed class ptrs, parallel gc, windows-amd64)
GC Precious Log:
 CardTable entry size: 512
 CPUs: 12 total, 12 available
 Memory: 15720M
 Large Page Support: Disabled
 NUMA Support: Disabled
 Compressed Oops: Enabled (32-bit)
 Alignments: Space 512K, Generation 512K, Heap 2M
 Heap Min Capacity: 100M
 Heap Initial Capacity: 100M
 Heap Max Capacity: 1G
 Pre-touch: Disabled
 Parallel Workers: 10
Heap:
 PSYoungGen      total 3584K, used 890K [0x00000000eab00000, 0x00000000eb380000, 0x0000000100000000)
  eden space 2560K, 2% used [0x00000000eab00000,0x00000000eab0eb18,0x00000000ead80000)
  from space 1024K, 81% used [0x00000000eb080000,0x00000000eb150010,0x00000000eb180000)
  to   space 1536K, 0% used [0x00000000eb200000,0x00000000eb200000,0x00000000eb380000)
 ParOldGen       total 535040K, used 370887K [0x00000000c0000000, 0x00000000e0a80000, 0x00000000eab00000)
  object space 535040K, 69% used [0x00000000c0000000,0x00000000d6a31d58,0x00000000e0a80000)
 Metaspace       used 84960K, committed 86592K, reserved 1179648K
  class space    used 9698K, committed 10432K, reserved 1048576K
GC Heap History (20 events):
Event: 127.949 GC heap before
{Heap before GC invocations=327 (full 4):
 PSYoungGen      total 6656K, used 6432K [0x00000000eab00000, 0x00000000eb480000, 0x0000000100000000)
  eden space 3584K, 100% used [0x00000000eab00000,0x00000000eae80000,0x00000000eae80000)
  from space 3072K, 92% used [0x00000000eb180000,0x00000000eb448000,0x00000000eb480000)
  to   space 3072K, 0% used [0x00000000eae80000,0x00000000eae80000,0x00000000eb180000)
 ParOldGen       total 535040K, used 337679K [0x00000000c0000000, 0x00000000e0a80000, 0x00000000eab00000)
  object space 535040K, 63% used [0x00000000c0000000,0x00000000d49c3d58,0x00000000e0a80000)
 Metaspace       used 84950K, committed 86592K, reserved 1179648K
  class space    used 9697K, committed 10432K, reserved 1048576K
}
Event: 127.952 GC heap after
{Heap after GC invocations=327 (full 4):
 PSYoungGen      total 6656K, used 2848K [0x00000000eab00000, 0x00000000eb480000, 0x0000000100000000)
  eden space 3584K, 0% used [0x00000000eab00000,0x00000000eab00000,0x00000000eae80000)
  from space 3072K, 92% used [0x00000000eae80000,0x00000000eb148000,0x00000000eb180000)
  to   space 3072K, 0% used [0x00000000eb180000,0x00000000eb180000,0x00000000eb480000)
 ParOldGen       total 535040K, used 340391K [0x00000000c0000000, 0x00000000e0a80000, 0x00000000eab00000)
  object space 535040K, 63% used [0x00000000c0000000,0x00000000d4c69d58,0x00000000e0a80000)
 Metaspace       used 84950K, committed 86592K, reserved 1179648K
  class space    used 9697K, committed 10432K, reserved 1048576K
}
Event: 127.963 GC heap before
{Heap before GC invocations=328 (full 4):
 PSYoungGen      total 6656K, used 6432K [0x00000000eab00000, 0x00000000eb480000, 0x0000000100000000)
  eden space 3584K, 100% used [0x00000000eab00000,0x00000000eae80000,0x00000000eae80000)
  from space 3072K, 92% used [0x00000000eae80000,0x00000000eb148000,0x00000000eb180000)
  to   space 3072K, 0% used [0x00000000eb180000,0x00000000eb180000,0x00000000eb480000)
 ParOldGen       total 535040K, used 340391K [0x00000000c0000000, 0x00000000e0a80000, 0x00000000eab00000)
  object space 535040K, 63% used [0x00000000c0000000,0x00000000d4c69d58,0x00000000e0a80000)
 Metaspace       used 84950K, committed 86592K, reserved 1179648K
  class space    used 9697K, committed 10432K, reserved 1048576K
}
Event: 127.967 GC heap after
{Heap after GC invocations=328 (full 4):
 PSYoungGen      total 6656K, used 2976K [0x00000000eab00000, 0x00000000eb480000, 0x0000000100000000)
  eden space 3584K, 0% used [0x00000000eab00000,0x00000000eab00000,0x00000000eae80000)
  from space 3072K, 96% used [0x00000000eb180000,0x00000000eb468000,0x00000000eb480000)
  to   space 3072K, 0% used [0x00000000eae80000,0x00000000eae80000,0x00000000eb180000)
 ParOldGen       total 535040K, used 343151K [0x00000000c0000000, 0x00000000e0a80000, 0x00000000eab00000)
  object space 535040K, 64% used [0x00000000c0000000,0x00000000d4f1bd58,0x00000000e0a80000)
 Metaspace       used 84950K, committed 86592K, reserved 1179648K
  class space    used 9697K, committed 10432K, reserved 1048576K
}
Event: 127.974 GC heap before
{Heap before GC invocations=329 (full 4):
 PSYoungGen      total 6656K, used 6560K [0x00000000eab00000, 0x00000000eb480000, 0x0000000100000000)
  eden space 3584K, 100% used [0x00000000eab00000,0x00000000eae80000,0x00000000eae80000)
  from space 3072K, 96% used [0x00000000eb180000,0x00000000eb468000,0x00000000eb480000)
  to   space 3072K, 0% used [0x00000000eae80000,0x00000000eae80000,0x00000000eb180000)
 ParOldGen       total 535040K, used 343151K [0x00000000c0000000, 0x00000000e0a80000, 0x00000000eab00000)
  object space 535040K, 64% used [0x00000000c0000000,0x00000000d4f1bd58,0x00000000e0a80000)
 Metaspace       used 84950K, committed 86592K, reserved 1179648K
  class space    used 9697K, committed 10432K, reserved 1048576K
}
Event: 127.979 GC heap after
{Heap after GC invocations=329 (full 4):
 PSYoungGen      total 6656K, used 2816K [0x00000000eab00000, 0x00000000eb580000, 0x0000000100000000)
  eden space 3584K, 0% used [0x00000000eab00000,0x00000000eab00000,0x00000000eae80000)
  from space 3072K, 91% used [0x00000000eae80000,0x00000000eb140000,0x00000000eb180000)
  to   space 3072K, 0% used [0x00000000eb280000,0x00000000eb280000,0x00000000eb580000)
 ParOldGen       total 535040K, used 346007K [0x00000000c0000000, 0x00000000e0a80000, 0x00000000eab00000)
  object space 535040K, 64% used [0x00000000c0000000,0x00000000d51e5d58,0x00000000e0a80000)
 Metaspace       used 84950K, committed 86592K, reserved 1179648K
  class space    used 9697K, committed 10432K, reserved 1048576K
}
Event: 127.987 GC heap before
{Heap before GC invocations=330 (full 4):
 PSYoungGen      total 6656K, used 6400K [0x00000000eab00000, 0x00000000eb580000, 0x0000000100000000)
  eden space 3584K, 100% used [0x00000000eab00000,0x00000000eae80000,0x00000000eae80000)
  from space 3072K, 91% used [0x00000000eae80000,0x00000000eb140000,0x00000000eb180000)
  to   space 3072K, 0% used [0x00000000eb280000,0x00000000eb280000,0x00000000eb580000)
 ParOldGen       total 535040K, used 346007K [0x00000000c0000000, 0x00000000e0a80000, 0x00000000eab00000)
  object space 535040K, 64% used [0x00000000c0000000,0x00000000d51e5d58,0x00000000e0a80000)
 Metaspace       used 84950K, committed 86592K, reserved 1179648K
  class space    used 9697K, committed 10432K, reserved 1048576K
}
Event: 127.991 GC heap after
{Heap after GC invocations=330 (full 4):
 PSYoungGen      total 7680K, used 2848K [0x00000000eab00000, 0x00000000eb580000, 0x0000000100000000)
  eden space 4608K, 0% used [0x00000000eab00000,0x00000000eab00000,0x00000000eaf80000)
  from space 3072K, 92% used [0x00000000eb280000,0x00000000eb548000,0x00000000eb580000)
  to   space 3072K, 0% used [0x00000000eaf80000,0x00000000eaf80000,0x00000000eb280000)
 ParOldGen       total 535040K, used 348767K [0x00000000c0000000, 0x00000000e0a80000, 0x00000000eab00000)
  object space 535040K, 65% used [0x00000000c0000000,0x00000000d5497d58,0x00000000e0a80000)
 Metaspace       used 84950K, committed 86592K, reserved 1179648K
  class space    used 9697K, committed 10432K, reserved 1048576K
}
Event: 128.003 GC heap before
{Heap before GC invocations=331 (full 4):
 PSYoungGen      total 7680K, used 7456K [0x00000000eab00000, 0x00000000eb580000, 0x0000000100000000)
  eden space 4608K, 100% used [0x00000000eab00000,0x00000000eaf80000,0x00000000eaf80000)
  from space 3072K, 92% used [0x00000000eb280000,0x00000000eb548000,0x00000000eb580000)
  to   space 3072K, 0% used [0x00000000eaf80000,0x00000000eaf80000,0x00000000eb280000)
 ParOldGen       total 535040K, used 348767K [0x00000000c0000000, 0x00000000e0a80000, 0x00000000eab00000)
  object space 535040K, 65% used [0x00000000c0000000,0x00000000d5497d58,0x00000000e0a80000)
 Metaspace       used 84950K, committed 86592K, reserved 1179648K
  class space    used 9697K, committed 10432K, reserved 1048576K
}
Event: 128.007 GC heap after
{Heap after GC invocations=331 (full 4):
 PSYoungGen      total 7680K, used 3072K [0x00000000eab00000, 0x00000000ebe80000, 0x0000000100000000)
  eden space 4608K, 0% used [0x00000000eab00000,0x00000000eab00000,0x00000000eaf80000)
  from space 3072K, 100% used [0x00000000eaf80000,0x00000000eb280000,0x00000000eb280000)
  to   space 7168K, 0% used [0x00000000eb780000,0x00000000eb780000,0x00000000ebe80000)
 ParOldGen       total 535040K, used 352007K [0x00000000c0000000, 0x00000000e0a80000, 0x00000000eab00000)
  object space 535040K, 65% used [0x00000000c0000000,0x00000000d57c1d58,0x00000000e0a80000)
 Metaspace       used 84950K, committed 86592K, reserved 1179648K
  class space    used 9697K, committed 10432K, reserved 1048576K
}
Event: 128.016 GC heap before
{Heap before GC invocations=332 (full 4):
 PSYoungGen      total 7680K, used 7680K [0x00000000eab00000, 0x00000000ebe80000, 0x0000000100000000)
  eden space 4608K, 100% used [0x00000000eab00000,0x00000000eaf80000,0x00000000eaf80000)
  from space 3072K, 100% used [0x00000000eaf80000,0x00000000eb280000,0x00000000eb280000)
  to   space 7168K, 0% used [0x00000000eb780000,0x00000000eb780000,0x00000000ebe80000)
 ParOldGen       total 535040K, used 352007K [0x00000000c0000000, 0x00000000e0a80000, 0x00000000eab00000)
  object space 535040K, 65% used [0x00000000c0000000,0x00000000d57c1d58,0x00000000e0a80000)
 Metaspace       used 84950K, committed 86592K, reserved 1179648K
  class space    used 9697K, committed 10432K, reserved 1048576K
}
Event: 128.020 GC heap after
{Heap after GC invocations=332 (full 4):
 PSYoungGen      total 9728K, used 3648K [0x00000000eab00000, 0x00000000ebb80000, 0x0000000100000000)
  eden space 5632K, 0% used [0x00000000eab00000,0x00000000eab00000,0x00000000eb080000)
  from space 4096K, 89% used [0x00000000eb780000,0x00000000ebb10000,0x00000000ebb80000)
  to   space 4608K, 0% used [0x00000000eb280000,0x00000000eb280000,0x00000000eb700000)
 ParOldGen       total 535040K, used 355103K [0x00000000c0000000, 0x00000000e0a80000, 0x00000000eab00000)
  object space 535040K, 66% used [0x00000000c0000000,0x00000000d5ac7d58,0x00000000e0a80000)
 Metaspace       used 84950K, committed 86592K, reserved 1179648K
  class space    used 9697K, committed 10432K, reserved 1048576K
}
Event: 128.032 GC heap before
{Heap before GC invocations=333 (full 4):
 PSYoungGen      total 9728K, used 9280K [0x00000000eab00000, 0x00000000ebb80000, 0x0000000100000000)
  eden space 5632K, 100% used [0x00000000eab00000,0x00000000eb080000,0x00000000eb080000)
  from space 4096K, 89% used [0x00000000eb780000,0x00000000ebb10000,0x00000000ebb80000)
  to   space 4608K, 0% used [0x00000000eb280000,0x00000000eb280000,0x00000000eb700000)
 ParOldGen       total 535040K, used 355103K [0x00000000c0000000, 0x00000000e0a80000, 0x00000000eab00000)
  object space 535040K, 66% used [0x00000000c0000000,0x00000000d5ac7d58,0x00000000e0a80000)
 Metaspace       used 84950K, committed 86592K, reserved 1179648K
  class space    used 9697K, committed 10432K, reserved 1048576K
}
Event: 128.036 GC heap after
{Heap after GC invocations=333 (full 4):
 PSYoungGen      total 11776K, used 4448K [0x00000000eab00000, 0x00000000ebc00000, 0x0000000100000000)
  eden space 7168K, 0% used [0x00000000eab00000,0x00000000eab00000,0x00000000eb200000)
  from space 4608K, 96% used [0x00000000eb280000,0x00000000eb6d8000,0x00000000eb700000)
  to   space 5120K, 0% used [0x00000000eb700000,0x00000000eb700000,0x00000000ebc00000)
 ParOldGen       total 535040K, used 358647K [0x00000000c0000000, 0x00000000e0a80000, 0x00000000eab00000)
  object space 535040K, 67% used [0x00000000c0000000,0x00000000d5e3dd58,0x00000000e0a80000)
 Metaspace       used 84950K, committed 86592K, reserved 1179648K
  class space    used 9697K, committed 10432K, reserved 1048576K
}
Event: 128.051 GC heap before
{Heap before GC invocations=334 (full 4):
 PSYoungGen      total 11776K, used 11616K [0x00000000eab00000, 0x00000000ebc00000, 0x0000000100000000)
  eden space 7168K, 100% used [0x00000000eab00000,0x00000000eb200000,0x00000000eb200000)
  from space 4608K, 96% used [0x00000000eb280000,0x00000000eb6d8000,0x00000000eb700000)
  to   space 5120K, 0% used [0x00000000eb700000,0x00000000eb700000,0x00000000ebc00000)
 ParOldGen       total 535040K, used 358647K [0x00000000c0000000, 0x00000000e0a80000, 0x00000000eab00000)
  object space 535040K, 67% used [0x00000000c0000000,0x00000000d5e3dd58,0x00000000e0a80000)
 Metaspace       used 84950K, committed 86592K, reserved 1179648K
  class space    used 9697K, committed 10432K, reserved 1048576K
}
Event: 128.057 GC heap after
{Heap after GC invocations=334 (full 4):
 PSYoungGen      total 6656K, used 5120K [0x00000000eab00000, 0x00000000ec880000, 0x0000000100000000)
  eden space 1536K, 0% used [0x00000000eab00000,0x00000000eab00000,0x00000000eac80000)
  from space 5120K, 100% used [0x00000000eb700000,0x00000000ebc00000,0x00000000ebc00000)
  to   space 10752K, 0% used [0x00000000eac80000,0x00000000eac80000,0x00000000eb700000)
 ParOldGen       total 535040K, used 363335K [0x00000000c0000000, 0x00000000e0a80000, 0x00000000eab00000)
  object space 535040K, 67% used [0x00000000c0000000,0x00000000d62d1d58,0x00000000e0a80000)
 Metaspace       used 84950K, committed 86592K, reserved 1179648K
  class space    used 9697K, committed 10432K, reserved 1048576K
}
Event: 128.061 GC heap before
{Heap before GC invocations=335 (full 4):
 PSYoungGen      total 6656K, used 6656K [0x00000000eab00000, 0x00000000ec880000, 0x0000000100000000)
  eden space 1536K, 100% used [0x00000000eab00000,0x00000000eac80000,0x00000000eac80000)
  from space 5120K, 100% used [0x00000000eb700000,0x00000000ebc00000,0x00000000ebc00000)
  to   space 10752K, 0% used [0x00000000eac80000,0x00000000eac80000,0x00000000eb700000)
 ParOldGen       total 535040K, used 363335K [0x00000000c0000000, 0x00000000e0a80000, 0x00000000eab00000)
  object space 535040K, 67% used [0x00000000c0000000,0x00000000d62d1d58,0x00000000e0a80000)
 Metaspace       used 84950K, committed 86592K, reserved 1179648K
  class space    used 9697K, committed 10432K, reserved 1048576K
}
Event: 128.066 GC heap after
{Heap after GC invocations=335 (full 4):
 PSYoungGen      total 3072K, used 1312K [0x00000000eab00000, 0x00000000eb780000, 0x0000000100000000)
  eden space 1536K, 0% used [0x00000000eab00000,0x00000000eab00000,0x00000000eac80000)
  from space 1536K, 85% used [0x00000000eac80000,0x00000000eadc8000,0x00000000eae00000)
  to   space 4608K, 0% used [0x00000000eb300000,0x00000000eb300000,0x00000000eb780000)
 ParOldGen       total 535040K, used 368495K [0x00000000c0000000, 0x00000000e0a80000, 0x00000000eab00000)
  object space 535040K, 68% used [0x00000000c0000000,0x00000000d67dbd58,0x00000000e0a80000)
 Metaspace       used 84950K, committed 86592K, reserved 1179648K
  class space    used 9697K, committed 10432K, reserved 1048576K
}
Event: 128.070 GC heap before
{Heap before GC invocations=336 (full 4):
 PSYoungGen      total 3072K, used 2848K [0x00000000eab00000, 0x00000000eb780000, 0x0000000100000000)
  eden space 1536K, 100% used [0x00000000eab00000,0x00000000eac80000,0x00000000eac80000)
  from space 1536K, 85% used [0x00000000eac80000,0x00000000eadc8000,0x00000000eae00000)
  to   space 4608K, 0% used [0x00000000eb300000,0x00000000eb300000,0x00000000eb780000)
 ParOldGen       total 535040K, used 368495K [0x00000000c0000000, 0x00000000e0a80000, 0x00000000eab00000)
  object space 535040K, 68% used [0x00000000c0000000,0x00000000d67dbd58,0x00000000e0a80000)
 Metaspace       used 84950K, committed 86592K, reserved 1179648K
  class space    used 9697K, committed 10432K, reserved 1048576K
}
Event: 128.072 GC heap after
{Heap after GC invocations=336 (full 4):
 PSYoungGen      total 3584K, used 1248K [0x00000000eab00000, 0x00000000eb480000, 0x0000000100000000)
  eden space 2048K, 0% used [0x00000000eab00000,0x00000000eab00000,0x00000000ead00000)
  from space 1536K, 81% used [0x00000000eb300000,0x00000000eb438000,0x00000000eb480000)
  to   space 2048K, 0% used [0x00000000eb080000,0x00000000eb080000,0x00000000eb280000)
 ParOldGen       total 535040K, used 369695K [0x00000000c0000000, 0x00000000e0a80000, 0x00000000eab00000)
  object space 535040K, 69% used [0x00000000c0000000,0x00000000d6907d58,0x00000000e0a80000)
 Metaspace       used 84950K, committed 86592K, reserved 1179648K
  class space    used 9697K, committed 10432K, reserved 1048576K
}

