# JRE version: OpenJDK Runtime Environment Temurin-21.0.7+6 (21.0.7+6) (build 21.0.7+6-LTS)
# Java VM: OpenJDK 64-Bit Server VM Temurin-21.0.7+6 (21.0.7+6-LTS, mixed mode, sharing, tiered, compressed oops, compressed class ptrs, parallel gc, windows-amd64)
GC Precious Log:
 CardTable entry size: 512
 CPUs: 12 total, 12 available
 Memory: 15720M
 Large Page Support: Disabled
 NUMA Support: Disabled
 Compressed Oops: Enabled (32-bit)
 Alignments: Space 512K, Generation 512K, Heap 2M
 Heap Min Capacity: 100M
 Heap Initial Capacity: 100M
 Heap Max Capacity: 1G
 Pre-touch: Disabled
 Parallel Workers: 10
Heap:
 PSYoungGen      total 15872K, used 12551K [0x00000000eab00000, 0x00000000ec000000, 0x0000000100000000)
  eden space 14336K, 82% used [0x00000000eab00000,0x00000000eb691f28,0x00000000eb900000)
  from space 1536K, 45% used [0x00000000ebd00000,0x00000000ebdb0000,0x00000000ebe80000)
  to   space 1024K, 0% used [0x00000000ebf00000,0x00000000ebf00000,0x00000000ec000000)
 ParOldGen       total 73216K, used 41072K [0x00000000c0000000, 0x00000000c4780000, 0x00000000eab00000)
  object space 73216K, 56% used [0x00000000c0000000,0x00000000c281c010,0x00000000c4780000)
 Metaspace       used 47720K, committed 48832K, reserved 1114112K
  class space    used 5297K, committed 5760K, reserved 1048576K
GC Heap History (20 events):
Event: 6.538 GC heap before
{Heap before GC invocations=38 (full 2):
 PSYoungGen      total 23552K, used 22015K [0x00000000eab00000, 0x00000000ec500000, 0x0000000100000000)
  eden space 22016K, 99% used [0x00000000eab00000,0x00000000ec07ffc8,0x00000000ec080000)
  from space 1536K, 0% used [0x00000000ec280000,0x00000000ec280000,0x00000000ec400000)
  to   space 1024K, 0% used [0x00000000ec400000,0x00000000ec400000,0x00000000ec500000)
 ParOldGen       total 73216K, used 27849K [0x00000000c0000000, 0x00000000c4780000, 0x00000000eab00000)
  object space 73216K, 38% used [0x00000000c0000000,0x00000000c1b32628,0x00000000c4780000)
 Metaspace       used 37165K, committed 38208K, reserved 1114112K
  class space    used 3838K, committed 4288K, reserved 1048576K
}
Event: 6.540 GC heap after
{Heap after GC invocations=38 (full 2):
 PSYoungGen      total 23040K, used 1014K [0x00000000eab00000, 0x00000000ec500000, 0x0000000100000000)
  eden space 22016K, 0% used [0x00000000eab00000,0x00000000eab00000,0x00000000ec080000)
  from space 1024K, 99% used [0x00000000ec400000,0x00000000ec4fdb58,0x00000000ec500000)
  to   space 1536K, 0% used [0x00000000ec200000,0x00000000ec200000,0x00000000ec380000)
 ParOldGen       total 73216K, used 27873K [0x00000000c0000000, 0x00000000c4780000, 0x00000000eab00000)
  object space 73216K, 38% used [0x00000000c0000000,0x00000000c1b38628,0x00000000c4780000)
 Metaspace       used 37165K, committed 38208K, reserved 1114112K
  class space    used 3838K, committed 4288K, reserved 1048576K
}
Event: 6.641 GC heap before
{Heap before GC invocations=39 (full 2):
 PSYoungGen      total 23040K, used 23030K [0x00000000eab00000, 0x00000000ec500000, 0x0000000100000000)
  eden space 22016K, 100% used [0x00000000eab00000,0x00000000ec080000,0x00000000ec080000)
  from space 1024K, 99% used [0x00000000ec400000,0x00000000ec4fdb58,0x00000000ec500000)
  to   space 1536K, 0% used [0x00000000ec200000,0x00000000ec200000,0x00000000ec380000)
 ParOldGen       total 73216K, used 27873K [0x00000000c0000000, 0x00000000c4780000, 0x00000000eab00000)
  object space 73216K, 38% used [0x00000000c0000000,0x00000000c1b38628,0x00000000c4780000)
 Metaspace       used 38344K, committed 39424K, reserved 1114112K
  class space    used 4015K, committed 4480K, reserved 1048576K
}
Event: 6.643 GC heap after
{Heap after GC invocations=39 (full 2):
 PSYoungGen      total 23552K, used 576K [0x00000000eab00000, 0x00000000ec480000, 0x0000000100000000)
  eden space 22016K, 0% used [0x00000000eab00000,0x00000000eab00000,0x00000000ec080000)
  from space 1536K, 37% used [0x00000000ec200000,0x00000000ec290000,0x00000000ec380000)
  to   space 1024K, 0% used [0x00000000ec380000,0x00000000ec380000,0x00000000ec480000)
 ParOldGen       total 73216K, used 28621K [0x00000000c0000000, 0x00000000c4780000, 0x00000000eab00000)
  object space 73216K, 39% used [0x00000000c0000000,0x00000000c1bf3728,0x00000000c4780000)
 Metaspace       used 38344K, committed 39424K, reserved 1114112K
  class space    used 4015K, committed 4480K, reserved 1048576K
}
Event: 6.821 GC heap before
{Heap before GC invocations=40 (full 2):
 PSYoungGen      total 23552K, used 22592K [0x00000000eab00000, 0x00000000ec480000, 0x0000000100000000)
  eden space 22016K, 100% used [0x00000000eab00000,0x00000000ec080000,0x00000000ec080000)
  from space 1536K, 37% used [0x00000000ec200000,0x00000000ec290000,0x00000000ec380000)
  to   space 1024K, 0% used [0x00000000ec380000,0x00000000ec380000,0x00000000ec480000)
 ParOldGen       total 73216K, used 28621K [0x00000000c0000000, 0x00000000c4780000, 0x00000000eab00000)
  object space 73216K, 39% used [0x00000000c0000000,0x00000000c1bf3728,0x00000000c4780000)
 Metaspace       used 39360K, committed 40448K, reserved 1114112K
  class space    used 4146K, committed 4672K, reserved 1048576K
}
Event: 6.824 GC heap after
{Heap after GC invocations=40 (full 2):
 PSYoungGen      total 15360K, used 1017K [0x00000000eab00000, 0x00000000ed580000, 0x0000000100000000)
  eden space 14336K, 0% used [0x00000000eab00000,0x00000000eab00000,0x00000000eb900000)
  from space 1024K, 99% used [0x00000000ec380000,0x00000000ec47e468,0x00000000ec480000)
  to   space 10752K, 0% used [0x00000000eb900000,0x00000000eb900000,0x00000000ec380000)
 ParOldGen       total 73216K, used 36594K [0x00000000c0000000, 0x00000000c4780000, 0x00000000eab00000)
  object space 73216K, 49% used [0x00000000c0000000,0x00000000c23bc810,0x00000000c4780000)
 Metaspace       used 39360K, committed 40448K, reserved 1114112K
  class space    used 4146K, committed 4672K, reserved 1048576K
}
Event: 6.958 GC heap before
{Heap before GC invocations=41 (full 2):
 PSYoungGen      total 15360K, used 15332K [0x00000000eab00000, 0x00000000ed580000, 0x0000000100000000)
  eden space 14336K, 99% used [0x00000000eab00000,0x00000000eb8faf78,0x00000000eb900000)
  from space 1024K, 99% used [0x00000000ec380000,0x00000000ec47e468,0x00000000ec480000)
  to   space 10752K, 0% used [0x00000000eb900000,0x00000000eb900000,0x00000000ec380000)
 ParOldGen       total 73216K, used 36594K [0x00000000c0000000, 0x00000000c4780000, 0x00000000eab00000)
  object space 73216K, 49% used [0x00000000c0000000,0x00000000c23bc810,0x00000000c4780000)
 Metaspace       used 40747K, committed 41920K, reserved 1114112K
  class space    used 4352K, committed 4864K, reserved 1048576K
}
Event: 6.960 GC heap after
{Heap after GC invocations=41 (full 2):
 PSYoungGen      total 15360K, used 640K [0x00000000eab00000, 0x00000000ec400000, 0x0000000100000000)
  eden space 14336K, 0% used [0x00000000eab00000,0x00000000eab00000,0x00000000eb900000)
  from space 1024K, 62% used [0x00000000eb900000,0x00000000eb9a0000,0x00000000eba00000)
  to   space 4096K, 0% used [0x00000000ec000000,0x00000000ec000000,0x00000000ec400000)
 ParOldGen       total 73216K, used 37611K [0x00000000c0000000, 0x00000000c4780000, 0x00000000eab00000)
  object space 73216K, 51% used [0x00000000c0000000,0x00000000c24baf30,0x00000000c4780000)
 Metaspace       used 40747K, committed 41920K, reserved 1114112K
  class space    used 4352K, committed 4864K, reserved 1048576K
}
Event: 7.201 GC heap before
{Heap before GC invocations=42 (full 2):
 PSYoungGen      total 15360K, used 14976K [0x00000000eab00000, 0x00000000ec400000, 0x0000000100000000)
  eden space 14336K, 100% used [0x00000000eab00000,0x00000000eb900000,0x00000000eb900000)
  from space 1024K, 62% used [0x00000000eb900000,0x00000000eb9a0000,0x00000000eba00000)
  to   space 4096K, 0% used [0x00000000ec000000,0x00000000ec000000,0x00000000ec400000)
 ParOldGen       total 73216K, used 37611K [0x00000000c0000000, 0x00000000c4780000, 0x00000000eab00000)
  object space 73216K, 51% used [0x00000000c0000000,0x00000000c24baf30,0x00000000c4780000)
 Metaspace       used 42364K, committed 43520K, reserved 1114112K
  class space    used 4560K, committed 5056K, reserved 1048576K
}
Event: 7.204 GC heap after
{Heap after GC invocations=42 (full 2):
 PSYoungGen      total 15360K, used 896K [0x00000000eab00000, 0x00000000ec100000, 0x0000000100000000)
  eden space 14336K, 0% used [0x00000000eab00000,0x00000000eab00000,0x00000000eb900000)
  from space 1024K, 87% used [0x00000000ec000000,0x00000000ec0e0000,0x00000000ec100000)
  to   space 1536K, 0% used [0x00000000ebe00000,0x00000000ebe00000,0x00000000ebf80000)
 ParOldGen       total 73216K, used 38011K [0x00000000c0000000, 0x00000000c4780000, 0x00000000eab00000)
  object space 73216K, 51% used [0x00000000c0000000,0x00000000c251ef30,0x00000000c4780000)
 Metaspace       used 42364K, committed 43520K, reserved 1114112K
  class space    used 4560K, committed 5056K, reserved 1048576K
}
Event: 7.369 GC heap before
{Heap before GC invocations=43 (full 2):
 PSYoungGen      total 15360K, used 15232K [0x00000000eab00000, 0x00000000ec100000, 0x0000000100000000)
  eden space 14336K, 100% used [0x00000000eab00000,0x00000000eb900000,0x00000000eb900000)
  from space 1024K, 87% used [0x00000000ec000000,0x00000000ec0e0000,0x00000000ec100000)
  to   space 1536K, 0% used [0x00000000ebe00000,0x00000000ebe00000,0x00000000ebf80000)
 ParOldGen       total 73216K, used 38011K [0x00000000c0000000, 0x00000000c4780000, 0x00000000eab00000)
  object space 73216K, 51% used [0x00000000c0000000,0x00000000c251ef30,0x00000000c4780000)
 Metaspace       used 43850K, committed 44992K, reserved 1114112K
  class space    used 4780K, committed 5248K, reserved 1048576K
}
Event: 7.371 GC heap after
{Heap after GC invocations=43 (full 2):
 PSYoungGen      total 15872K, used 704K [0x00000000eab00000, 0x00000000ec080000, 0x0000000100000000)
  eden space 14336K, 0% used [0x00000000eab00000,0x00000000eab00000,0x00000000eb900000)
  from space 1536K, 45% used [0x00000000ebe00000,0x00000000ebeb0000,0x00000000ebf80000)
  to   space 1024K, 0% used [0x00000000ebf80000,0x00000000ebf80000,0x00000000ec080000)
 ParOldGen       total 73216K, used 38699K [0x00000000c0000000, 0x00000000c4780000, 0x00000000eab00000)
  object space 73216K, 52% used [0x00000000c0000000,0x00000000c25caf30,0x00000000c4780000)
 Metaspace       used 43850K, committed 44992K, reserved 1114112K
  class space    used 4780K, committed 5248K, reserved 1048576K
}
Event: 7.563 GC heap before
{Heap before GC invocations=44 (full 2):
 PSYoungGen      total 15872K, used 15040K [0x00000000eab00000, 0x00000000ec080000, 0x0000000100000000)
  eden space 14336K, 100% used [0x00000000eab00000,0x00000000eb900000,0x00000000eb900000)
  from space 1536K, 45% used [0x00000000ebe00000,0x00000000ebeb0000,0x00000000ebf80000)
  to   space 1024K, 0% used [0x00000000ebf80000,0x00000000ebf80000,0x00000000ec080000)
 ParOldGen       total 73216K, used 38699K [0x00000000c0000000, 0x00000000c4780000, 0x00000000eab00000)
  object space 73216K, 52% used [0x00000000c0000000,0x00000000c25caf30,0x00000000c4780000)
 Metaspace       used 44970K, committed 46144K, reserved 1114112K
  class space    used 4938K, committed 5440K, reserved 1048576K
}
Event: 7.564 GC heap after
{Heap after GC invocations=44 (full 2):
 PSYoungGen      total 15360K, used 896K [0x00000000eab00000, 0x00000000ec080000, 0x0000000100000000)
  eden space 14336K, 0% used [0x00000000eab00000,0x00000000eab00000,0x00000000eb900000)
  from space 1024K, 87% used [0x00000000ebf80000,0x00000000ec060000,0x00000000ec080000)
  to   space 1024K, 0% used [0x00000000ebe80000,0x00000000ebe80000,0x00000000ebf80000)
 ParOldGen       total 73216K, used 39247K [0x00000000c0000000, 0x00000000c4780000, 0x00000000eab00000)
  object space 73216K, 53% used [0x00000000c0000000,0x00000000c2653f40,0x00000000c4780000)
 Metaspace       used 44970K, committed 46144K, reserved 1114112K
  class space    used 4938K, committed 5440K, reserved 1048576K
}
Event: 7.703 GC heap before
{Heap before GC invocations=45 (full 2):
 PSYoungGen      total 15360K, used 15232K [0x00000000eab00000, 0x00000000ec080000, 0x0000000100000000)
  eden space 14336K, 100% used [0x00000000eab00000,0x00000000eb900000,0x00000000eb900000)
  from space 1024K, 87% used [0x00000000ebf80000,0x00000000ec060000,0x00000000ec080000)
  to   space 1024K, 0% used [0x00000000ebe80000,0x00000000ebe80000,0x00000000ebf80000)
 ParOldGen       total 73216K, used 39247K [0x00000000c0000000, 0x00000000c4780000, 0x00000000eab00000)
  object space 73216K, 53% used [0x00000000c0000000,0x00000000c2653f40,0x00000000c4780000)
 Metaspace       used 46021K, committed 47232K, reserved 1114112K
  class space    used 5061K, committed 5568K, reserved 1048576K
}
Event: 7.708 GC heap after
{Heap after GC invocations=45 (full 2):
 PSYoungGen      total 15360K, used 608K [0x00000000eab00000, 0x00000000ec000000, 0x0000000100000000)
  eden space 14336K, 0% used [0x00000000eab00000,0x00000000eab00000,0x00000000eb900000)
  from space 1024K, 59% used [0x00000000ebe80000,0x00000000ebf18000,0x00000000ebf80000)
  to   space 512K, 0% used [0x00000000ebf80000,0x00000000ebf80000,0x00000000ec000000)
 ParOldGen       total 73216K, used 40007K [0x00000000c0000000, 0x00000000c4780000, 0x00000000eab00000)
  object space 73216K, 54% used [0x00000000c0000000,0x00000000c2711c50,0x00000000c4780000)
 Metaspace       used 46021K, committed 47232K, reserved 1114112K
  class space    used 5061K, committed 5568K, reserved 1048576K
}
Event: 7.857 GC heap before
{Heap before GC invocations=46 (full 2):
 PSYoungGen      total 15360K, used 14944K [0x00000000eab00000, 0x00000000ec000000, 0x0000000100000000)
  eden space 14336K, 100% used [0x00000000eab00000,0x00000000eb900000,0x00000000eb900000)
  from space 1024K, 59% used [0x00000000ebe80000,0x00000000ebf18000,0x00000000ebf80000)
  to   space 512K, 0% used [0x00000000ebf80000,0x00000000ebf80000,0x00000000ec000000)
 ParOldGen       total 73216K, used 40007K [0x00000000c0000000, 0x00000000c4780000, 0x00000000eab00000)
  object space 73216K, 54% used [0x00000000c0000000,0x00000000c2711c50,0x00000000c4780000)
 Metaspace       used 46524K, committed 47680K, reserved 1114112K
  class space    used 5134K, committed 5632K, reserved 1048576K
}
Event: 7.859 GC heap after
{Heap after GC invocations=46 (full 2):
 PSYoungGen      total 14848K, used 512K [0x00000000eab00000, 0x00000000ec000000, 0x0000000100000000)
  eden space 14336K, 0% used [0x00000000eab00000,0x00000000eab00000,0x00000000eb900000)
  from space 512K, 100% used [0x00000000ebf80000,0x00000000ec000000,0x00000000ec000000)
  to   space 1536K, 0% used [0x00000000ebd00000,0x00000000ebd00000,0x00000000ebe80000)
 ParOldGen       total 73216K, used 40551K [0x00000000c0000000, 0x00000000c4780000, 0x00000000eab00000)
  object space 73216K, 55% used [0x00000000c0000000,0x00000000c2799ff0,0x00000000c4780000)
 Metaspace       used 46524K, committed 47680K, reserved 1114112K
  class space    used 5134K, committed 5632K, reserved 1048576K
}
Event: 8.067 GC heap before
{Heap before GC invocations=47 (full 2):
 PSYoungGen      total 14848K, used 14848K [0x00000000eab00000, 0x00000000ec000000, 0x0000000100000000)
  eden space 14336K, 100% used [0x00000000eab00000,0x00000000eb900000,0x00000000eb900000)
  from space 512K, 100% used [0x00000000ebf80000,0x00000000ec000000,0x00000000ec000000)
  to   space 1536K, 0% used [0x00000000ebd00000,0x00000000ebd00000,0x00000000ebe80000)
 ParOldGen       total 73216K, used 40551K [0x00000000c0000000, 0x00000000c4780000, 0x00000000eab00000)
  object space 73216K, 55% used [0x00000000c0000000,0x00000000c2799ff0,0x00000000c4780000)
 Metaspace       used 47046K, committed 48192K, reserved 1114112K
  class space    used 5213K, committed 5696K, reserved 1048576K
}
Event: 8.069 GC heap after
{Heap after GC invocations=47 (full 2):
 PSYoungGen      total 15872K, used 704K [0x00000000eab00000, 0x00000000ec000000, 0x0000000100000000)
  eden space 14336K, 0% used [0x00000000eab00000,0x00000000eab00000,0x00000000eb900000)
  from space 1536K, 45% used [0x00000000ebd00000,0x00000000ebdb0000,0x00000000ebe80000)
  to   space 1024K, 0% used [0x00000000ebf00000,0x00000000ebf00000,0x00000000ec000000)
 ParOldGen       total 73216K, used 41072K [0x00000000c0000000, 0x00000000c4780000, 0x00000000eab00000)
  object space 73216K, 56% used [0x00000000c0000000,0x00000000c281c010,0x00000000c4780000)
 Metaspace       used 47046K, committed 48192K, reserved 1114112K
  class space    used 5213K, committed 5696K, reserved 1048576K
}

